<?xml version="1.0" encoding="UTF-8"?>
<!-- Generated by org.testng.reporters.JUnitReportReporter -->
<testsuite skipped="0" hostname="Efrems-MacBook-Pro.local" name="hackerRank.createStack.TestSolution" tests="1" failures="0" timestamp="01 Apr 2018 06:44:27 GMT" time="23.386" errors="0">
  <testcase name="test" time="23.386" classname="hackerRank.createStack.TestSolution"/>
</testsuite> <!-- hackerRank.createStack.TestSolution -->
