<?xml version="1.0" encoding="UTF-8"?>
<!-- Generated by org.testng.reporters.JUnitReportReporter -->
<testsuite skipped="0" hostname="Efrems-MacBook-Pro.local" name="amazon.buildDestinationsFromCoordinates.TestBuildDestinations" tests="1" failures="0" timestamp="16 Feb 2019 04:48:48 GMT" time="0.091" errors="0">
  <testcase name="testBuilDestinations" time="0.091" classname="amazon.buildDestinationsFromCoordinates.TestBuildDestinations"/>
</testsuite> <!-- amazon.buildDestinationsFromCoordinates.TestBuildDestinations -->
