<?xml version="1.0" encoding="UTF-8"?>
<!-- Generated by org.testng.reporters.JUnitReportReporter -->
<testsuite skipped="0" hostname="Efrems-MacBook-Pro.local" name="mumexam.awettesfamariam.IsOnionTest" tests="1" failures="0" timestamp="23 Jan 2019 21:50:56 GMT" time="0.015" errors="0">
  <testcase name="isOnionTest" time="0.015" classname="mumexam.awettesfamariam.IsOnionTest"/>
</testsuite> <!-- mumexam.awettesfamariam.IsOnionTest -->
