<?xml version="1.0" encoding="UTF-8"?>
<!-- Generated by org.testng.reporters.JUnitReportReporter -->
<testsuite skipped="0" hostname="Efrems-MacBook-Pro.local" name="heap.maxHeap.MyMaxHeapTest" tests="1" failures="0" timestamp="20 Feb 2019 04:19:27 GMT" time="0.020" errors="0">
  <testcase name="testMyMaxHeap" time="0.020" classname="heap.maxHeap.MyMaxHeapTest"/>
</testsuite> <!-- heap.maxHeap.MyMaxHeapTest -->
