<?xml version="1.0" encoding="UTF-8"?>
<!-- Generated by org.testng.reporters.JUnitReportReporter -->
<testsuite skipped="0" hostname="Efrems-MBP.attlocal.net" name="facebookInterview.goatWord.GoatWordTest" tests="1" failures="0" timestamp="07 Apr 2018 04:07:48 GMT" time="0.027" errors="0">
  <testcase name="goatWordTest" time="0.027" classname="facebookInterview.goatWord.GoatWordTest"/>
</testsuite> <!-- facebookInterview.goatWord.GoatWordTest -->
