<?xml version="1.0" encoding="UTF-8"?>
<!-- Generated by org.testng.reporters.JUnitReportReporter -->
<testsuite skipped="0" hostname="Efrems-MacBook-Pro.local" name="facebook.reverselinkedlist.TestReverseLinkedList" tests="1" failures="0" timestamp="08 Jun 2018 20:01:36 GMT" time="0.022" errors="0">
  <testcase name="reverseLinkedList" time="0.022" classname="facebook.reverselinkedlist.TestReverseLinkedList"/>
</testsuite> <!-- facebook.reverselinkedlist.TestReverseLinkedList -->
