<?xml version="1.0" encoding="UTF-8"?>
<!-- Generated by org.testng.reporters.JUnitReportReporter -->
<testsuite skipped="0" hostname="Efrems-MacBook-Pro.local" name="implementation.subString.TestIndexOfSubstring" tests="1" failures="0" timestamp="08 Feb 2019 00:10:20 GMT" time="0.017" errors="0">
  <testcase name="testSubString" time="0.017" classname="implementation.subString.TestIndexOfSubstring"/>
</testsuite> <!-- implementation.subString.TestIndexOfSubstring -->
