<?xml version="1.0" encoding="UTF-8"?>
<!-- Generated by org.testng.reporters.JUnitReportReporter -->
<testsuite skipped="0" hostname="Efrems-MacBook-Pro.local" name="hackerRank.balancedBrackets.TestBalancedBrackets" tests="1" failures="0" timestamp="12 Feb 2019 00:29:24 GMT" time="0.032" errors="0">
  <testcase name="balancedBrackets" time="0.032" classname="hackerRank.balancedBrackets.TestBalancedBrackets"/>
</testsuite> <!-- hackerRank.balancedBrackets.TestBalancedBrackets -->
