<?xml version="1.0" encoding="UTF-8"?>
<!-- Generated by org.testng.reporters.JUnitReportReporter -->
<testsuite skipped="0" hostname="Efrems-MacBook-Pro.local" name="mumexam.awettesfamariam.EquivalentArraysTest" tests="1" failures="0" timestamp="23 Jan 2019 21:17:28 GMT" time="0.016" errors="0">
  <testcase name="equivalentArraysTest" time="0.016" classname="mumexam.awettesfamariam.EquivalentArraysTest"/>
</testsuite> <!-- mumexam.awettesfamariam.EquivalentArraysTest -->
