<?xml version="1.0" encoding="UTF-8"?>
<!-- Generated by org.testng.reporters.JUnitReportReporter -->
<testsuite skipped="0" hostname="Efrems-MacBook-Pro.local" name="amazon.djkastraAlgorithm.TestShortestPath" tests="1" failures="0" timestamp="20 Feb 2019 07:19:28 GMT" time="0.090" errors="0">
  <testcase name="testBuilDestinations" time="0.090" classname="amazon.djkastraAlgorithm.TestShortestPath"/>
</testsuite> <!-- amazon.djkastraAlgorithm.TestShortestPath -->
