<?xml version="1.0" encoding="UTF-8"?>
<!-- Generated by org.testng.reporters.JUnitReportReporter -->
<testsuite skipped="0" hostname="Efrems-MacBook-Pro.local" name="dawitAlgorithm.targetSumOffour.TestTargetSum" tests="1" failures="0" timestamp="14 Feb 2019 00:12:06 GMT" time="0.033" errors="0">
  <testcase name="testTargetSum" time="0.033" classname="dawitAlgorithm.targetSumOffour.TestTargetSum"/>
</testsuite> <!-- dawitAlgorithm.targetSumOffour.TestTargetSum -->
