<?xml version="1.0" encoding="UTF-8"?>
<!-- Generated by org.testng.reporters.JUnitReportReporter -->
<testsuite skipped="0" hostname="Efrems-MacBook-Pro.local" name="stackandqueue.queuebackedbyTwoStack.TwoStackQueueTest" tests="1" failures="0" timestamp="01 Apr 2018 17:52:16 GMT" time="0.018" errors="0">
  <testcase name="twoStackQueueTest" time="0.018" classname="stackandqueue.queuebackedbyTwoStack.TwoStackQueueTest"/>
</testsuite> <!-- stackandqueue.queuebackedbyTwoStack.TwoStackQueueTest -->
