<?xml version="1.0" encoding="UTF-8"?>
<!-- Generated by org.testng.reporters.JUnitReportReporter -->
<testsuite skipped="0" hostname="Efrems-MacBook-Pro.local" name="stackandqueue.symmetryOfBrackets.TestSymmetryOfBrackets" tests="1" failures="0" timestamp="01 Apr 2018 16:59:39 GMT" time="0.025" errors="0">
  <testcase name="testIsSymmetric" time="0.025" classname="stackandqueue.symmetryOfBrackets.TestSymmetryOfBrackets"/>
</testsuite> <!-- stackandqueue.symmetryOfBrackets.TestSymmetryOfBrackets -->
