<?xml version="1.0" encoding="UTF-8"?>
<!-- Generated by org.testng.reporters.JUnitReportReporter -->
<testsuite skipped="0" hostname="Efrems-MBP.attlocal.net" name="facebook.findanagram.TestFindAnagram" tests="1" failures="0" timestamp="08 Apr 2018 04:02:13 GMT" time="0.016" errors="0">
  <testcase name="testAnagram" time="0.016" classname="facebook.findanagram.TestFindAnagram"/>
</testsuite> <!-- facebook.findanagram.TestFindAnagram -->
