<?xml version="1.0" encoding="UTF-8"?>
<!-- Generated by org.testng.reporters.JUnitReportReporter -->
<testsuite skipped="0" hostname="Efrems-MacBook-Pro.local" name="mumexam.awettesfamariam.IsRapidlyIncreasingTest" tests="1" failures="0" timestamp="23 Jan 2019 21:32:53 GMT" time="0.018" errors="0">
  <testcase name="isRapidlyIncreasing" time="0.018" classname="mumexam.awettesfamariam.IsRapidlyIncreasingTest"/>
</testsuite> <!-- mumexam.awettesfamariam.IsRapidlyIncreasingTest -->
