<?xml version="1.0" encoding="UTF-8"?>
<!-- Generated by org.testng.reporters.JUnitReportReporter -->
<testsuite skipped="0" hostname="Efrems-MacBook-Pro.local" name="facebook.printbinarytree.TestPrintBinaryTree" tests="1" failures="0" timestamp="30 May 2018 05:26:45 GMT" time="686741.250" errors="0">
  <testcase name="printBinaryTree" time="686741.250" classname="facebook.printbinarytree.TestPrintBinaryTree"/>
</testsuite> <!-- facebook.printbinarytree.TestPrintBinaryTree -->
