<?xml version="1.0" encoding="UTF-8"?>
<!-- Generated by org.testng.reporters.JUnitReportReporter -->
<testsuite skipped="0" hostname="Efrems-MacBook-Pro.local" name="mathAndLogicPuzzles.findPrimeNumber.TestFindPrimeNumber" tests="1" failures="0" timestamp="22 Mar 2018 06:33:36 GMT" time="0.011" errors="0">
  <testcase name="testPrime" time="0.011" classname="mathAndLogicPuzzles.findPrimeNumber.TestFindPrimeNumber"/>
</testsuite> <!-- mathAndLogicPuzzles.findPrimeNumber.TestFindPrimeNumber -->
