<?xml version="1.0" encoding="UTF-8"?>
<!-- Generated by org.testng.reporters.JUnitReportReporter -->
<testsuite skipped="0" hostname="Efrems-MBP.attlocal.net" name="linkedList.removeDuplicates.TestRemoveDuplicates" tests="1" failures="0" timestamp="16 Apr 2018 02:31:16 GMT" time="0.036" errors="0">
  <testcase name="removeDuplicates" time="0.036" classname="linkedList.removeDuplicates.TestRemoveDuplicates"/>
</testsuite> <!-- linkedList.removeDuplicates.TestRemoveDuplicates -->
