<?xml version="1.0" encoding="UTF-8"?>
<!-- Generated by org.testng.reporters.JUnitReportReporter -->
<testsuite skipped="0" hostname="Efrems-MacBook-Pro.local" name="linkedList.palindrome.TestPalindrome" tests="1" failures="0" timestamp="07 Feb 2019 04:47:13 GMT" time="0.017" errors="0">
  <testcase name="testPalindrome" time="0.017" classname="linkedList.palindrome.TestPalindrome"/>
</testsuite> <!-- linkedList.palindrome.TestPalindrome -->
