<?xml version="1.0" encoding="UTF-8"?>
<!-- Generated by org.testng.reporters.JUnitReportReporter -->
<testsuite skipped="0" hostname="Efrems-MacBook-Pro.local" name="arraysAndStrings.uniqueCharString.UniqueCharTester" tests="2" failures="0" timestamp="05 Nov 2018 21:08:14 GMT" time="0.024" errors="0">
  <testcase name="testUniqueChar_2ndTrial" time="0.006" classname="arraysAndStrings.uniqueCharString.UniqueCharTester"/>
  <testcase name="testUniqueChar" time="0.018" classname="arraysAndStrings.uniqueCharString.UniqueCharTester"/>
</testsuite> <!-- arraysAndStrings.uniqueCharString.UniqueCharTester -->
