<?xml version="1.0" encoding="UTF-8"?>
<!-- Generated by org.testng.reporters.JUnitReportReporter -->
<testsuite skipped="0" hostname="Efrems-MacBook-Pro.local" name="implementation.permutationString.PermutationStringTest" tests="1" failures="0" timestamp="19 Mar 2018 04:59:33 GMT" time="0.015" errors="0">
  <testcase name="testPermutationString" time="0.015" classname="implementation.permutationString.PermutationStringTest"/>
</testsuite> <!-- implementation.permutationString.PermutationStringTest -->
