<?xml version="1.0" encoding="UTF-8"?>
<!-- Generated by org.testng.reporters.JUnitReportReporter -->
<testsuite skipped="0" hostname="Efrems-MacBook-Pro.local" name="arraysAndStrings.stringcompression.StringCompressionTest" tests="1" failures="0" timestamp="15 Apr 2018 19:06:18 GMT" time="80982.992" errors="0">
  <testcase name="stringCompressionTest" time="80982.992" classname="arraysAndStrings.stringcompression.StringCompressionTest"/>
</testsuite> <!-- arraysAndStrings.stringcompression.StringCompressionTest -->
