<?xml version="1.0" encoding="UTF-8"?>
<!-- Generated by org.testng.reporters.JUnitReportReporter -->
<testsuite skipped="0" hostname="Efrems-MacBook-Pro.local" name="arraysAndStrings.stringcompression.StringCompressionTest" tests="1" failures="0" timestamp="06 Dec 2018 03:32:35 GMT" time="0.024" errors="0">
  <testcase name="stringCompressionTest" time="0.024" classname="arraysAndStrings.stringcompression.StringCompressionTest"/>
</testsuite> <!-- arraysAndStrings.stringcompression.StringCompressionTest -->
