<?xml version="1.0" encoding="UTF-8"?>
<!-- Generated by org.testng.reporters.JUnitReportReporter -->
<testsuite skipped="0" hostname="Efrems-MacBook-Pro.local" name="stacksandqueues.stackofplates.TestStackOfPlates" tests="1" failures="0" timestamp="13 May 2018 04:07:48 GMT" time="0.059" errors="0">
  <testcase name="testStackOfPlates" time="0.059" classname="stacksandqueues.stackofplates.TestStackOfPlates"/>
</testsuite> <!-- stacksandqueues.stackofplates.TestStackOfPlates -->
