<?xml version="1.0" encoding="UTF-8"?>
<!-- Generated by org.testng.reporters.JUnitReportReporter -->
<testsuite skipped="0" hostname="Efrems-MacBook-Pro.local" name="treesAndGraphs.balancedTree.TestCheckBSTBalance" tests="1" failures="0" timestamp="20 May 2018 06:09:44 GMT" time="0.018" errors="0">
  <testcase name="checkBSTBalance" time="0.018" classname="treesAndGraphs.balancedTree.TestCheckBSTBalance"/>
</testsuite> <!-- treesAndGraphs.balancedTree.TestCheckBSTBalance -->
