<?xml version="1.0" encoding="UTF-8"?>
<!-- Generated by org.testng.reporters.JUnitReportReporter -->
<testsuite skipped="0" hostname="Efrems-MacBook-Pro.local" name="sortingandsearching.peaksAndValleys.TestPeaksAndValleys" tests="1" failures="0" timestamp="13 Feb 2019 19:35:55 GMT" time="0.018" errors="0">
  <testcase name="testPeakAndValleys" time="0.018" classname="sortingandsearching.peaksAndValleys.TestPeaksAndValleys"/>
</testsuite> <!-- sortingandsearching.peaksAndValleys.TestPeaksAndValleys -->
