<?xml version="1.0" encoding="UTF-8"?>
<!-- Generated by org.testng.reporters.JUnitReportReporter -->
<testsuite skipped="0" hostname="Efrems-MacBook-Pro.local" name="sortingandsearching.sortedMerge.TestSortedMerge" tests="1" failures="0" timestamp="22 May 2018 04:01:55 GMT" time="118491.883" errors="0">
  <testcase name="testSortedMerge" time="118491.883" classname="sortingandsearching.sortedMerge.TestSortedMerge"/>
</testsuite> <!-- sortingandsearching.sortedMerge.TestSortedMerge -->
