<?xml version="1.0" encoding="UTF-8"?>
<!-- Generated by org.testng.reporters.JUnitReportReporter -->
<testsuite skipped="0" hostname="Efrems-MacBook-Pro.local" name="treesAndGraphs.PathsWithSum.TestPathsWithSum" tests="1" failures="0" timestamp="09 Feb 2019 04:26:44 GMT" time="0.017" errors="0">
  <testcase name="testpathWithSum" time="0.017" classname="treesAndGraphs.PathsWithSum.TestPathsWithSum"/>
</testsuite> <!-- treesAndGraphs.PathsWithSum.TestPathsWithSum -->
