<?xml version="1.0" encoding="UTF-8"?>
<!-- Generated by org.testng.reporters.JUnitReportReporter -->
<testsuite skipped="0" hostname="Efrems-MBP.attlocal.net" name="stacksandqueues.threestacks.TestStacksInAnArray" tests="1" failures="0" timestamp="11 May 2018 05:20:09 GMT" time="0.072" errors="0">
  <testcase name="testAddingToStackArray" time="0.072" classname="stacksandqueues.threestacks.TestStacksInAnArray"/>
</testsuite> <!-- stacksandqueues.threestacks.TestStacksInAnArray -->
