<?xml version="1.0" encoding="UTF-8"?>
<!-- Generated by org.testng.reporters.JUnitReportReporter -->
<testsuite skipped="0" hostname="Efrems-MacBook-Pro.local" name="arraysAndStrings.rotateMatrix.RotateMatrixTest" tests="1" failures="0" timestamp="04 Dec 2018 23:16:26 GMT" time="0.025" errors="0">
  <testcase name="testRotateMatrix" time="0.025" classname="arraysAndStrings.rotateMatrix.RotateMatrixTest"/>
</testsuite> <!-- arraysAndStrings.rotateMatrix.RotateMatrixTest -->
