<?xml version="1.0" encoding="UTF-8"?>
<!-- Generated by org.testng.reporters.JUnitReportReporter -->
<testsuite skipped="0" hostname="Efrems-MacBook-Pro.local" name="recursionanddynamicprogramming.TestStairCaseHop" tests="1" failures="0" timestamp="30 May 2018 06:32:10 GMT" time="0.040" errors="0">
  <testcase name="testStairCaseHop" time="0.040" classname="recursionanddynamicprogramming.TestStairCaseHop"/>
</testsuite> <!-- recursionanddynamicprogramming.TestStairCaseHop -->
