<?xml version="1.0" encoding="UTF-8"?>
<!-- Generated by org.testng.reporters.JUnitReportReporter -->
<testsuite skipped="0" hostname="Efrems-MBP.attlocal.net" name="treesAndGraphs.robotnavigator.TestRobotNavigator" tests="1" failures="0" timestamp="03 Jun 2018 02:38:00 GMT" time="0.019" errors="0">
  <testcase name="testRobotNavigator" time="0.019" classname="treesAndGraphs.robotnavigator.TestRobotNavigator"/>
</testsuite> <!-- treesAndGraphs.robotnavigator.TestRobotNavigator -->
