<?xml version="1.0" encoding="UTF-8"?>
<!-- Generated by org.testng.reporters.JUnitReportReporter -->
<testsuite skipped="0" hostname="Efrems-MacBook-Pro.local" name="arraysAndStrings.palindrome.PalindromeTest" tests="1" failures="0" timestamp="21 Mar 2018 05:10:06 GMT" time="0.018" errors="0">
  <testcase name="testPalindrome" time="0.018" classname="arraysAndStrings.palindrome.PalindromeTest"/>
</testsuite> <!-- arraysAndStrings.palindrome.PalindromeTest -->
