<?xml version="1.0" encoding="UTF-8"?>
<!-- Generated by org.testng.reporters.JUnitReportReporter -->
<testsuite skipped="0" hostname="Efrems-MacBook-Pro.local" name="implementation.uniqueCharString.UniqueCharTester" tests="1" failures="0" timestamp="18 Mar 2018 22:33:02 GMT" time="0.014" errors="0">
  <testcase name="testUniqueChar" time="0.014" classname="implementation.uniqueCharString.UniqueCharTester"/>
</testsuite> <!-- implementation.uniqueCharString.UniqueCharTester -->
